{"D:\\Users\\Rafaelnc\\Documents\\pastaComProjetos\\compassflix\\src\\assets\\Images\\imagemAnonima.jpg": {"path":"D:\\Users\\Rafaelnc\\Documents\\pastaComProjetos\\compassflix\\src\\assets\\Images\\imagemAnonima.jpg","statementMap":{"0":{"start":{"line":1,"column":0},"end":{"line":4,"column":6}}},"fnMap":{},"branchMap":{},"s":{"0":1},"f":{},"b":{},"_coverageSchema":"1a1c01bbd47fc00a2c39e90264f33305004495a9","hash":"d46f878d203ecac06cc3dd5c671db2e546e4ec8f"}
,"D:\\Users\\Rafaelnc\\Documents\\pastaComProjetos\\compassflix\\src\\assets\\Images\\moviesColored.png": {"path":"D:\\Users\\Rafaelnc\\Documents\\pastaComProjetos\\compassflix\\src\\assets\\Images\\moviesColored.png","statementMap":{"0":{"start":{"line":1,"column":0},"end":{"line":4,"column":6}}},"fnMap":{},"branchMap":{},"s":{"0":1},"f":{},"b":{},"_coverageSchema":"1a1c01bbd47fc00a2c39e90264f33305004495a9","hash":"8fd63f7625e71f91c63aa7eeaaa72d4b0c665ab8"}
,"D:\\Users\\Rafaelnc\\Documents\\pastaComProjetos\\compassflix\\src\\assets\\Images\\moviesGray.png": {"path":"D:\\Users\\Rafaelnc\\Documents\\pastaComProjetos\\compassflix\\src\\assets\\Images\\moviesGray.png","statementMap":{"0":{"start":{"line":1,"column":0},"end":{"line":4,"column":6}}},"fnMap":{},"branchMap":{},"s":{"0":1},"f":{},"b":{},"_coverageSchema":"1a1c01bbd47fc00a2c39e90264f33305004495a9","hash":"291b7c2ac26394677ca80bc5ce1a42d262ba1b3e"}
,"D:\\Users\\Rafaelnc\\Documents\\pastaComProjetos\\compassflix\\src\\assets\\Images\\seriesColored.png": {"path":"D:\\Users\\Rafaelnc\\Documents\\pastaComProjetos\\compassflix\\src\\assets\\Images\\seriesColored.png","statementMap":{"0":{"start":{"line":1,"column":0},"end":{"line":4,"column":6}}},"fnMap":{},"branchMap":{},"s":{"0":1},"f":{},"b":{},"_coverageSchema":"1a1c01bbd47fc00a2c39e90264f33305004495a9","hash":"914c15f17c37dfec66d0adbb7c50957051702c46"}
,"D:\\Users\\Rafaelnc\\Documents\\pastaComProjetos\\compassflix\\src\\assets\\Images\\seriesGray.png": {"path":"D:\\Users\\Rafaelnc\\Documents\\pastaComProjetos\\compassflix\\src\\assets\\Images\\seriesGray.png","statementMap":{"0":{"start":{"line":1,"column":0},"end":{"line":4,"column":6}}},"fnMap":{},"branchMap":{},"s":{"0":1},"f":{},"b":{},"_coverageSchema":"1a1c01bbd47fc00a2c39e90264f33305004495a9","hash":"d0b4e0627e5c4375b32b52f76deda0ed20a94ed5"}
,"D:\\Users\\Rafaelnc\\Documents\\pastaComProjetos\\compassflix\\src\\components\\SpinnerMultiColor\\index.js": {"path":"D:\\Users\\Rafaelnc\\Documents\\pastaComProjetos\\compassflix\\src\\components\\SpinnerMultiColor\\index.js","statementMap":{"0":{"start":{"line":6,"column":33},"end":{"line":22,"column":1}},"1":{"start":{"line":12,"column":4},"end":{"line":12,"column":35}},"2":{"start":{"line":12,"column":23},"end":{"line":12,"column":35}},"3":{"start":{"line":14,"column":4},"end":{"line":21,"column":6}}},"fnMap":{"0":{"name":"(anonymous_0)","decl":{"start":{"line":6,"column":33},"end":{"line":6,"column":34}},"loc":{"start":{"line":11,"column":6},"end":{"line":22,"column":1}},"line":11}},"branchMap":{"0":{"loc":{"start":{"line":12,"column":4},"end":{"line":12,"column":35}},"type":"if","locations":[{"start":{"line":12,"column":4},"end":{"line":12,"column":35}},{"start":{},"end":{}}],"line":12}},"s":{"0":2,"1":1,"2":0,"3":1},"f":{"0":1},"b":{"0":[0,1]},"_coverageSchema":"1a1c01bbd47fc00a2c39e90264f33305004495a9","hash":"bbeaf4dd569d0c284439808c35f820ba32ff13b0"}
,"D:\\Users\\Rafaelnc\\Documents\\pastaComProjetos\\compassflix\\src\\components\\SpinnerMultiColor\\style.js": {"path":"D:\\Users\\Rafaelnc\\Documents\\pastaComProjetos\\compassflix\\src\\components\\SpinnerMultiColor\\style.js","statementMap":{"0":{"start":{"line":3,"column":22},"end":{"line":9,"column":2}}},"fnMap":{},"branchMap":{},"s":{"0":2},"f":{},"b":{},"_coverageSchema":"1a1c01bbd47fc00a2c39e90264f33305004495a9","hash":"ea3f8462037f2aeb9ea9d1380a88d5e15ad1cd29"}
,"D:\\Users\\Rafaelnc\\Documents\\pastaComProjetos\\compassflix\\src\\components\\SpinnerStick\\index.js": {"path":"D:\\Users\\Rafaelnc\\Documents\\pastaComProjetos\\compassflix\\src\\components\\SpinnerStick\\index.js","statementMap":{"0":{"start":{"line":7,"column":28},"end":{"line":18,"column":1}},"1":{"start":{"line":8,"column":4},"end":{"line":17,"column":6}}},"fnMap":{"0":{"name":"(anonymous_0)","decl":{"start":{"line":7,"column":28},"end":{"line":7,"column":29}},"loc":{"start":{"line":7,"column":34},"end":{"line":18,"column":1}},"line":7}},"branchMap":{},"s":{"0":2,"1":39},"f":{"0":39},"b":{},"_coverageSchema":"1a1c01bbd47fc00a2c39e90264f33305004495a9","hash":"a454fff300b31507043cd4382a628725684bfebb"}
,"D:\\Users\\Rafaelnc\\Documents\\pastaComProjetos\\compassflix\\src\\components\\SpinnerStick\\style.js": {"path":"D:\\Users\\Rafaelnc\\Documents\\pastaComProjetos\\compassflix\\src\\components\\SpinnerStick\\style.js","statementMap":{"0":{"start":{"line":3,"column":26},"end":{"line":8,"column":1}}},"fnMap":{},"branchMap":{},"s":{"0":2},"f":{},"b":{},"_coverageSchema":"1a1c01bbd47fc00a2c39e90264f33305004495a9","hash":"10721ec4c0970abb2e8903807d5ec92d8b0b0b51"}
,"D:\\Users\\Rafaelnc\\Documents\\pastaComProjetos\\compassflix\\src\\components\\StyledComponents\\GlobalStyleds.js": {"path":"D:\\Users\\Rafaelnc\\Documents\\pastaComProjetos\\compassflix\\src\\components\\StyledComponents\\GlobalStyleds.js","statementMap":{"0":{"start":{"line":3,"column":26},"end":{"line":7,"column":1}},"1":{"start":{"line":9,"column":25},"end":{"line":15,"column":1}},"2":{"start":{"line":10,"column":28},"end":{"line":10,"column":44}},"3":{"start":{"line":11,"column":22},"end":{"line":11,"column":33}}},"fnMap":{"0":{"name":"(anonymous_0)","decl":{"start":{"line":10,"column":19},"end":{"line":10,"column":20}},"loc":{"start":{"line":10,"column":28},"end":{"line":10,"column":44}},"line":10},"1":{"name":"(anonymous_1)","decl":{"start":{"line":11,"column":13},"end":{"line":11,"column":14}},"loc":{"start":{"line":11,"column":22},"end":{"line":11,"column":33}},"line":11}},"branchMap":{},"s":{"0":2,"1":2,"2":296,"3":296},"f":{"0":296,"1":296},"b":{},"_coverageSchema":"1a1c01bbd47fc00a2c39e90264f33305004495a9","hash":"15fd0d4924c4f306161f4b518da3c1430ffd1c45"}
,"D:\\Users\\Rafaelnc\\Documents\\pastaComProjetos\\compassflix\\src\\contexts\\headerContext.js": {"path":"D:\\Users\\Rafaelnc\\Documents\\pastaComProjetos\\compassflix\\src\\contexts\\headerContext.js","statementMap":{"0":{"start":{"line":4,"column":29},"end":{"line":4,"column":44}},"1":{"start":{"line":6,"column":37},"end":{"line":30,"column":1}},"2":{"start":{"line":7,"column":38},"end":{"line":7,"column":50}},"3":{"start":{"line":9,"column":32},"end":{"line":18,"column":5}},"4":{"start":{"line":10,"column":8},"end":{"line":17,"column":15}},"5":{"start":{"line":13,"column":16},"end":{"line":13,"column":41}},"6":{"start":{"line":16,"column":16},"end":{"line":16,"column":35}},"7":{"start":{"line":20,"column":4},"end":{"line":29,"column":6}}},"fnMap":{"0":{"name":"(anonymous_0)","decl":{"start":{"line":6,"column":37},"end":{"line":6,"column":38}},"loc":{"start":{"line":6,"column":55},"end":{"line":30,"column":1}},"line":6},"1":{"name":"(anonymous_1)","decl":{"start":{"line":9,"column":32},"end":{"line":9,"column":33}},"loc":{"start":{"line":9,"column":44},"end":{"line":18,"column":5}},"line":9},"2":{"name":"(anonymous_2)","decl":{"start":{"line":12,"column":18},"end":{"line":12,"column":19}},"loc":{"start":{"line":12,"column":26},"end":{"line":14,"column":13}},"line":12},"3":{"name":"(anonymous_3)","decl":{"start":{"line":15,"column":19},"end":{"line":15,"column":20}},"loc":{"start":{"line":15,"column":28},"end":{"line":17,"column":13}},"line":15}},"branchMap":{},"s":{"0":1,"1":1,"2":0,"3":0,"4":0,"5":0,"6":0,"7":0},"f":{"0":0,"1":0,"2":0,"3":0},"b":{},"_coverageSchema":"1a1c01bbd47fc00a2c39e90264f33305004495a9","hash":"dc113dd98b6405e0cca4cf3e6598e2186e027ef9"}
,"D:\\Users\\Rafaelnc\\Documents\\pastaComProjetos\\compassflix\\src\\screens\\UserPerfil\\components\\ContainerBottom\\index.js": {"path":"D:\\Users\\Rafaelnc\\Documents\\pastaComProjetos\\compassflix\\src\\screens\\UserPerfil\\components\\ContainerBottom\\index.js","statementMap":{"0":{"start":{"line":21,"column":31},"end":{"line":214,"column":1}},"1":{"start":{"line":33,"column":26},"end":{"line":33,"column":51}},"2":{"start":{"line":35,"column":4},"end":{"line":213,"column":6}},"3":{"start":{"line":54,"column":28},"end":{"line":54,"column":71}},"4":{"start":{"line":71,"column":47},"end":{"line":71,"column":56}},"5":{"start":{"line":73,"column":32},"end":{"line":111,"column":34}},"6":{"start":{"line":100,"column":52},"end":{"line":100,"column":73}},"7":{"start":{"line":129,"column":28},"end":{"line":129,"column":72}},"8":{"start":{"line":146,"column":47},"end":{"line":146,"column":56}},"9":{"start":{"line":148,"column":32},"end":{"line":206,"column":34}},"10":{"start":{"line":195,"column":52},"end":{"line":195,"column":73}}},"fnMap":{"0":{"name":"(anonymous_0)","decl":{"start":{"line":21,"column":31},"end":{"line":21,"column":32}},"loc":{"start":{"line":32,"column":6},"end":{"line":214,"column":1}},"line":32},"1":{"name":"(anonymous_1)","decl":{"start":{"line":53,"column":33},"end":{"line":53,"column":34}},"loc":{"start":{"line":54,"column":28},"end":{"line":54,"column":71}},"line":54},"2":{"name":"(anonymous_2)","decl":{"start":{"line":71,"column":33},"end":{"line":71,"column":34}},"loc":{"start":{"line":71,"column":47},"end":{"line":71,"column":56}},"line":71},"3":{"name":"(anonymous_3)","decl":{"start":{"line":72,"column":33},"end":{"line":72,"column":34}},"loc":{"start":{"line":72,"column":47},"end":{"line":112,"column":29}},"line":72},"4":{"name":"(anonymous_4)","decl":{"start":{"line":99,"column":57},"end":{"line":99,"column":58}},"loc":{"start":{"line":100,"column":52},"end":{"line":100,"column":73}},"line":100},"5":{"name":"(anonymous_5)","decl":{"start":{"line":128,"column":33},"end":{"line":128,"column":34}},"loc":{"start":{"line":129,"column":28},"end":{"line":129,"column":72}},"line":129},"6":{"name":"(anonymous_6)","decl":{"start":{"line":146,"column":33},"end":{"line":146,"column":34}},"loc":{"start":{"line":146,"column":47},"end":{"line":146,"column":56}},"line":146},"7":{"name":"(anonymous_7)","decl":{"start":{"line":147,"column":33},"end":{"line":147,"column":34}},"loc":{"start":{"line":147,"column":47},"end":{"line":207,"column":29}},"line":147},"8":{"name":"(anonymous_8)","decl":{"start":{"line":194,"column":57},"end":{"line":194,"column":58}},"loc":{"start":{"line":195,"column":52},"end":{"line":195,"column":73}},"line":195}},"branchMap":{"0":{"loc":{"start":{"line":43,"column":25},"end":{"line":43,"column":73}},"type":"cond-expr","locations":[{"start":{"line":43,"column":46},"end":{"line":43,"column":58}},{"start":{"line":43,"column":61},"end":{"line":43,"column":73}}],"line":43},"1":{"loc":{"start":{"line":48,"column":29},"end":{"line":48,"column":67}},"type":"binary-expr","locations":[{"start":{"line":48,"column":29},"end":{"line":48,"column":44}},{"start":{"line":48,"column":48},"end":{"line":48,"column":67}}],"line":48},"2":{"loc":{"start":{"line":65,"column":17},"end":{"line":114,"column":17}},"type":"cond-expr","locations":[{"start":{"line":66,"column":20},"end":{"line":66,"column":36}},{"start":{"line":68,"column":20},"end":{"line":113,"column":38}}],"line":65},"3":{"loc":{"start":{"line":75,"column":41},"end":{"line":109,"column":41}},"type":"cond-expr","locations":[{"start":{"line":82,"column":44},"end":{"line":95,"column":46}},{"start":{"line":97,"column":44},"end":{"line":108,"column":76}}],"line":75},"4":{"loc":{"start":{"line":76,"column":44},"end":{"line":80,"column":67}},"type":"cond-expr","locations":[{"start":{"line":77,"column":50},"end":{"line":78,"column":67}},{"start":{"line":79,"column":50},"end":{"line":80,"column":67}}],"line":76},"5":{"loc":{"start":{"line":86,"column":56},"end":{"line":92,"column":76}},"type":"cond-expr","locations":[{"start":{"line":87,"column":62},"end":{"line":89,"column":76}},{"start":{"line":90,"column":62},"end":{"line":92,"column":76}}],"line":86},"6":{"loc":{"start":{"line":123,"column":25},"end":{"line":123,"column":73}},"type":"cond-expr","locations":[{"start":{"line":123,"column":46},"end":{"line":123,"column":58}},{"start":{"line":123,"column":61},"end":{"line":123,"column":73}}],"line":123},"7":{"loc":{"start":{"line":124,"column":25},"end":{"line":124,"column":63}},"type":"binary-expr","locations":[{"start":{"line":124,"column":25},"end":{"line":124,"column":40}},{"start":{"line":124,"column":44},"end":{"line":124,"column":63}}],"line":124},"8":{"loc":{"start":{"line":140,"column":17},"end":{"line":209,"column":17}},"type":"cond-expr","locations":[{"start":{"line":141,"column":20},"end":{"line":141,"column":36}},{"start":{"line":143,"column":20},"end":{"line":208,"column":38}}],"line":140},"9":{"loc":{"start":{"line":150,"column":41},"end":{"line":204,"column":41}},"type":"cond-expr","locations":[{"start":{"line":157,"column":44},"end":{"line":190,"column":47}},{"start":{"line":192,"column":44},"end":{"line":203,"column":77}}],"line":150},"10":{"loc":{"start":{"line":151,"column":44},"end":{"line":155,"column":67}},"type":"cond-expr","locations":[{"start":{"line":152,"column":50},"end":{"line":153,"column":67}},{"start":{"line":154,"column":50},"end":{"line":155,"column":67}}],"line":151},"11":{"loc":{"start":{"line":162,"column":60},"end":{"line":168,"column":80}},"type":"cond-expr","locations":[{"start":{"line":163,"column":66},"end":{"line":165,"column":80}},{"start":{"line":166,"column":66},"end":{"line":168,"column":80}}],"line":162},"12":{"loc":{"start":{"line":180,"column":57},"end":{"line":186,"column":71}},"type":"cond-expr","locations":[{"start":{"line":181,"column":62},"end":{"line":183,"column":71}},{"start":{"line":184,"column":62},"end":{"line":186,"column":71}}],"line":180}},"s":{"0":1,"1":29,"2":29,"3":2,"4":52,"5":52,"6":4,"7":2,"8":65,"9":65,"10":4},"f":{"0":29,"1":2,"2":52,"3":52,"4":4,"5":2,"6":65,"7":65,"8":4},"b":{"0":[11,18],"1":[29,29],"2":[16,13],"3":[26,26],"4":[24,28],"5":[12,14],"6":[11,18],"7":[29,29],"8":[16,13],"9":[39,26],"10":[30,35],"11":[18,21],"12":[18,21]},"_coverageSchema":"1a1c01bbd47fc00a2c39e90264f33305004495a9","hash":"2e2809d7b99cec2df40b676c9a6c83cfe8aded3f"}
,"D:\\Users\\Rafaelnc\\Documents\\pastaComProjetos\\compassflix\\src\\screens\\UserPerfil\\components\\ContainerBottom\\style.js": {"path":"D:\\Users\\Rafaelnc\\Documents\\pastaComProjetos\\compassflix\\src\\screens\\UserPerfil\\components\\ContainerBottom\\style.js","statementMap":{"0":{"start":{"line":3,"column":31},"end":{"line":7,"column":1}},"1":{"start":{"line":9,"column":23},"end":{"line":11,"column":1}},"2":{"start":{"line":12,"column":27},"end":{"line":14,"column":1}},"3":{"start":{"line":16,"column":29},"end":{"line":23,"column":1}},"4":{"start":{"line":17,"column":21},"end":{"line":17,"column":31}},"5":{"start":{"line":25,"column":30},"end":{"line":31,"column":1}},"6":{"start":{"line":33,"column":32},"end":{"line":36,"column":1}},"7":{"start":{"line":38,"column":24},"end":{"line":44,"column":1}},"8":{"start":{"line":46,"column":30},"end":{"line":52,"column":1}},"9":{"start":{"line":54,"column":30},"end":{"line":57,"column":1}},"10":{"start":{"line":59,"column":31},"end":{"line":66,"column":1}},"11":{"start":{"line":68,"column":38},"end":{"line":72,"column":1}},"12":{"start":{"line":74,"column":39},"end":{"line":81,"column":1}},"13":{"start":{"line":83,"column":39},"end":{"line":86,"column":1}},"14":{"start":{"line":88,"column":34},"end":{"line":94,"column":1}},"15":{"start":{"line":96,"column":38},"end":{"line":101,"column":1}}},"fnMap":{"0":{"name":"(anonymous_0)","decl":{"start":{"line":17,"column":12},"end":{"line":17,"column":13}},"loc":{"start":{"line":17,"column":21},"end":{"line":17,"column":31}},"line":17}},"branchMap":{},"s":{"0":1,"1":1,"2":1,"3":1,"4":116,"5":1,"6":1,"7":1,"8":1,"9":1,"10":1,"11":1,"12":1,"13":1,"14":1,"15":1},"f":{"0":116},"b":{},"_coverageSchema":"1a1c01bbd47fc00a2c39e90264f33305004495a9","hash":"9d2abc45f45bde47ba623978564c381cbeb634e6"}
,"D:\\Users\\Rafaelnc\\Documents\\pastaComProjetos\\compassflix\\src\\screens\\UserPerfil\\components\\ContainerBottom\\helpers\\titles.js": {"path":"D:\\Users\\Rafaelnc\\Documents\\pastaComProjetos\\compassflix\\src\\screens\\UserPerfil\\components\\ContainerBottom\\helpers\\titles.js","statementMap":{"0":{"start":{"line":1,"column":28},"end":{"line":1,"column":63}},"1":{"start":{"line":2,"column":28},"end":{"line":2,"column":50}},"2":{"start":{"line":3,"column":28},"end":{"line":3,"column":63}},"3":{"start":{"line":4,"column":28},"end":{"line":4,"column":50}},"4":{"start":{"line":6,"column":34},"end":{"line":15,"column":1}},"5":{"start":{"line":7,"column":18},"end":{"line":7,"column":66}},"6":{"start":{"line":8,"column":23},"end":{"line":8,"column":49}},"7":{"start":{"line":9,"column":4},"end":{"line":12,"column":7}},"8":{"start":{"line":14,"column":4},"end":{"line":14,"column":31}},"9":{"start":{"line":17,"column":33},"end":{"line":26,"column":1}},"10":{"start":{"line":18,"column":18},"end":{"line":18,"column":66}},"11":{"start":{"line":19,"column":23},"end":{"line":19,"column":49}},"12":{"start":{"line":20,"column":4},"end":{"line":23,"column":7}},"13":{"start":{"line":25,"column":4},"end":{"line":25,"column":31}}},"fnMap":{"0":{"name":"(anonymous_0)","decl":{"start":{"line":6,"column":34},"end":{"line":6,"column":35}},"loc":{"start":{"line":6,"column":64},"end":{"line":15,"column":1}},"line":6},"1":{"name":"(anonymous_1)","decl":{"start":{"line":17,"column":33},"end":{"line":17,"column":34}},"loc":{"start":{"line":17,"column":63},"end":{"line":26,"column":1}},"line":17}},"branchMap":{"0":{"loc":{"start":{"line":7,"column":18},"end":{"line":7,"column":66}},"type":"cond-expr","locations":[{"start":{"line":7,"column":39},"end":{"line":7,"column":51}},{"start":{"line":7,"column":54},"end":{"line":7,"column":66}}],"line":7},"1":{"loc":{"start":{"line":8,"column":23},"end":{"line":8,"column":49}},"type":"cond-expr","locations":[{"start":{"line":8,"column":44},"end":{"line":8,"column":45}},{"start":{"line":8,"column":48},"end":{"line":8,"column":49}}],"line":8},"2":{"loc":{"start":{"line":18,"column":18},"end":{"line":18,"column":66}},"type":"cond-expr","locations":[{"start":{"line":18,"column":39},"end":{"line":18,"column":51}},{"start":{"line":18,"column":54},"end":{"line":18,"column":66}}],"line":18},"3":{"loc":{"start":{"line":19,"column":23},"end":{"line":19,"column":49}},"type":"cond-expr","locations":[{"start":{"line":19,"column":44},"end":{"line":19,"column":45}},{"start":{"line":19,"column":48},"end":{"line":19,"column":49}}],"line":19}},"s":{"0":2,"1":2,"2":2,"3":2,"4":2,"5":2,"6":2,"7":2,"8":2,"9":2,"10":2,"11":2,"12":2,"13":2},"f":{"0":2,"1":2},"b":{"0":[1,1],"1":[1,1],"2":[1,1],"3":[1,1]},"_coverageSchema":"1a1c01bbd47fc00a2c39e90264f33305004495a9","hash":"4cd9afc095da4422f0aa0be8aa49d75576401e60"}
,"D:\\Users\\Rafaelnc\\Documents\\pastaComProjetos\\compassflix\\src\\screens\\UserPerfil\\components\\ContainerMid\\index.js": {"path":"D:\\Users\\Rafaelnc\\Documents\\pastaComProjetos\\compassflix\\src\\screens\\UserPerfil\\components\\ContainerMid\\index.js","statementMap":{"0":{"start":{"line":10,"column":28},"end":{"line":37,"column":1}},"1":{"start":{"line":11,"column":4},"end":{"line":36,"column":6}},"2":{"start":{"line":15,"column":31},"end":{"line":15,"column":41}},"3":{"start":{"line":26,"column":31},"end":{"line":26,"column":41}}},"fnMap":{"0":{"name":"(anonymous_0)","decl":{"start":{"line":10,"column":28},"end":{"line":10,"column":29}},"loc":{"start":{"line":10,"column":59},"end":{"line":37,"column":1}},"line":10},"1":{"name":"(anonymous_1)","decl":{"start":{"line":15,"column":25},"end":{"line":15,"column":26}},"loc":{"start":{"line":15,"column":31},"end":{"line":15,"column":41}},"line":15},"2":{"name":"(anonymous_2)","decl":{"start":{"line":26,"column":25},"end":{"line":26,"column":26}},"loc":{"start":{"line":26,"column":31},"end":{"line":26,"column":41}},"line":26}},"branchMap":{"0":{"loc":{"start":{"line":16,"column":26},"end":{"line":16,"column":59}},"type":"cond-expr","locations":[{"start":{"line":16,"column":47},"end":{"line":16,"column":51}},{"start":{"line":16,"column":54},"end":{"line":16,"column":59}}],"line":16},"1":{"loc":{"start":{"line":17,"column":27},"end":{"line":17,"column":53}},"type":"cond-expr","locations":[{"start":{"line":17,"column":48},"end":{"line":17,"column":49}},{"start":{"line":17,"column":52},"end":{"line":17,"column":53}}],"line":17},"2":{"loc":{"start":{"line":21,"column":28},"end":{"line":21,"column":78}},"type":"cond-expr","locations":[{"start":{"line":21,"column":49},"end":{"line":21,"column":61}},{"start":{"line":21,"column":64},"end":{"line":21,"column":78}}],"line":21},"3":{"loc":{"start":{"line":27,"column":26},"end":{"line":27,"column":59}},"type":"cond-expr","locations":[{"start":{"line":27,"column":47},"end":{"line":27,"column":51}},{"start":{"line":27,"column":54},"end":{"line":27,"column":59}}],"line":27},"4":{"loc":{"start":{"line":28,"column":26},"end":{"line":28,"column":52}},"type":"cond-expr","locations":[{"start":{"line":28,"column":47},"end":{"line":28,"column":48}},{"start":{"line":28,"column":51},"end":{"line":28,"column":52}}],"line":28},"5":{"loc":{"start":{"line":32,"column":28},"end":{"line":32,"column":78}},"type":"cond-expr","locations":[{"start":{"line":32,"column":49},"end":{"line":32,"column":61}},{"start":{"line":32,"column":64},"end":{"line":32,"column":78}}],"line":32}},"s":{"0":1,"1":9,"2":1,"3":1},"f":{"0":9,"1":1,"2":1},"b":{"0":[4,5],"1":[4,5],"2":[4,5],"3":[4,5],"4":[4,5],"5":[4,5]},"_coverageSchema":"1a1c01bbd47fc00a2c39e90264f33305004495a9","hash":"6b95976cf2e0d69589878fce6c899b0ed409e078"}
,"D:\\Users\\Rafaelnc\\Documents\\pastaComProjetos\\compassflix\\src\\screens\\UserPerfil\\components\\ContainerMid\\style.js": {"path":"D:\\Users\\Rafaelnc\\Documents\\pastaComProjetos\\compassflix\\src\\screens\\UserPerfil\\components\\ContainerMid\\style.js","statementMap":{"0":{"start":{"line":3,"column":28},"end":{"line":11,"column":1}},"1":{"start":{"line":13,"column":27},"end":{"line":16,"column":1}},"2":{"start":{"line":18,"column":26},"end":{"line":27,"column":1}},"3":{"start":{"line":23,"column":34},"end":{"line":23,"column":53}},"4":{"start":{"line":24,"column":35},"end":{"line":24,"column":55}}},"fnMap":{"0":{"name":"(anonymous_0)","decl":{"start":{"line":23,"column":25},"end":{"line":23,"column":26}},"loc":{"start":{"line":23,"column":34},"end":{"line":23,"column":53}},"line":23},"1":{"name":"(anonymous_1)","decl":{"start":{"line":24,"column":26},"end":{"line":24,"column":27}},"loc":{"start":{"line":24,"column":35},"end":{"line":24,"column":55}},"line":24}},"branchMap":{"0":{"loc":{"start":{"line":23,"column":34},"end":{"line":23,"column":53}},"type":"binary-expr","locations":[{"start":{"line":23,"column":34},"end":{"line":23,"column":48}},{"start":{"line":23,"column":52},"end":{"line":23,"column":53}}],"line":23},"1":{"loc":{"start":{"line":24,"column":35},"end":{"line":24,"column":55}},"type":"binary-expr","locations":[{"start":{"line":24,"column":35},"end":{"line":24,"column":50}},{"start":{"line":24,"column":54},"end":{"line":24,"column":55}}],"line":24}},"s":{"0":1,"1":1,"2":1,"3":36,"4":36},"f":{"0":36,"1":36},"b":{"0":[36,28],"1":[36,28]},"_coverageSchema":"1a1c01bbd47fc00a2c39e90264f33305004495a9","hash":"b3601c6134e056e824c127e071415ac286a3b5e6"}
,"D:\\Users\\Rafaelnc\\Documents\\pastaComProjetos\\compassflix\\src\\screens\\UserPerfil\\components\\ContainerTop\\index.js": {"path":"D:\\Users\\Rafaelnc\\Documents\\pastaComProjetos\\compassflix\\src\\screens\\UserPerfil\\components\\ContainerTop\\index.js","statementMap":{"0":{"start":{"line":12,"column":28},"end":{"line":71,"column":1}},"1":{"start":{"line":23,"column":4},"end":{"line":70,"column":6}}},"fnMap":{"0":{"name":"(anonymous_0)","decl":{"start":{"line":12,"column":28},"end":{"line":12,"column":29}},"loc":{"start":{"line":22,"column":6},"end":{"line":71,"column":1}},"line":22}},"branchMap":{"0":{"loc":{"start":{"line":35,"column":24},"end":{"line":39,"column":37}},"type":"cond-expr","locations":[{"start":{"line":36,"column":30},"end":{"line":38,"column":31}},{"start":{"line":39,"column":30},"end":{"line":39,"column":37}}],"line":35},"1":{"loc":{"start":{"line":43,"column":21},"end":{"line":43,"column":59}},"type":"binary-expr","locations":[{"start":{"line":43,"column":21},"end":{"line":43,"column":36}},{"start":{"line":43,"column":40},"end":{"line":43,"column":59}}],"line":43},"2":{"loc":{"start":{"line":47,"column":17},"end":{"line":67,"column":17}},"type":"cond-expr","locations":[{"start":{"line":48,"column":20},"end":{"line":48,"column":36}},{"start":{"line":50,"column":20},"end":{"line":66,"column":52}}],"line":47},"3":{"loc":{"start":{"line":56,"column":29},"end":{"line":58,"column":52}},"type":"cond-expr","locations":[{"start":{"line":57,"column":34},"end":{"line":57,"column":52}},{"start":{"line":58,"column":34},"end":{"line":58,"column":52}}],"line":56}},"s":{"0":1,"1":10},"f":{"0":10},"b":{"0":[1,9],"1":[10,9],"2":[7,3],"3":[1,2]},"_coverageSchema":"1a1c01bbd47fc00a2c39e90264f33305004495a9","hash":"c10caacdc04f8a146129f9d6389071def5b139fc"}
,"D:\\Users\\Rafaelnc\\Documents\\pastaComProjetos\\compassflix\\src\\screens\\UserPerfil\\components\\ContainerTop\\style.js": {"path":"D:\\Users\\Rafaelnc\\Documents\\pastaComProjetos\\compassflix\\src\\screens\\UserPerfil\\components\\ContainerTop\\style.js","statementMap":{"0":{"start":{"line":3,"column":28},"end":{"line":8,"column":1}},"1":{"start":{"line":10,"column":29},"end":{"line":16,"column":1}},"2":{"start":{"line":11,"column":23},"end":{"line":11,"column":44}},"3":{"start":{"line":18,"column":25},"end":{"line":22,"column":1}},"4":{"start":{"line":24,"column":25},"end":{"line":32,"column":1}},"5":{"start":{"line":26,"column":22},"end":{"line":26,"column":33}},"6":{"start":{"line":29,"column":28},"end":{"line":29,"column":44}},"7":{"start":{"line":31,"column":26},"end":{"line":31,"column":36}},"8":{"start":{"line":34,"column":38},"end":{"line":36,"column":1}}},"fnMap":{"0":{"name":"(anonymous_0)","decl":{"start":{"line":11,"column":14},"end":{"line":11,"column":15}},"loc":{"start":{"line":11,"column":23},"end":{"line":11,"column":44}},"line":11},"1":{"name":"(anonymous_1)","decl":{"start":{"line":26,"column":13},"end":{"line":26,"column":14}},"loc":{"start":{"line":26,"column":22},"end":{"line":26,"column":33}},"line":26},"2":{"name":"(anonymous_2)","decl":{"start":{"line":29,"column":19},"end":{"line":29,"column":20}},"loc":{"start":{"line":29,"column":28},"end":{"line":29,"column":44}},"line":29},"3":{"name":"(anonymous_3)","decl":{"start":{"line":31,"column":17},"end":{"line":31,"column":18}},"loc":{"start":{"line":31,"column":26},"end":{"line":31,"column":36}},"line":31}},"branchMap":{},"s":{"0":1,"1":1,"2":40,"3":1,"4":1,"5":26,"6":26,"7":26,"8":1},"f":{"0":40,"1":26,"2":26,"3":26},"b":{},"_coverageSchema":"1a1c01bbd47fc00a2c39e90264f33305004495a9","hash":"b54280eca00e22d045ce4079bf003c7b3fde4d8b"}
,"D:\\Users\\Rafaelnc\\Documents\\pastaComProjetos\\compassflix\\src\\screens\\UserPerfil\\components\\LogoutButton\\index.js": {"path":"D:\\Users\\Rafaelnc\\Documents\\pastaComProjetos\\compassflix\\src\\screens\\UserPerfil\\components\\LogoutButton\\index.js","statementMap":{"0":{"start":{"line":9,"column":28},"end":{"line":89,"column":1}},"1":{"start":{"line":15,"column":4},"end":{"line":88,"column":6}},"2":{"start":{"line":17,"column":48},"end":{"line":17,"column":64}},"3":{"start":{"line":56,"column":55},"end":{"line":56,"column":72}},"4":{"start":{"line":69,"column":55},"end":{"line":69,"column":66}}},"fnMap":{"0":{"name":"(anonymous_0)","decl":{"start":{"line":9,"column":28},"end":{"line":9,"column":29}},"loc":{"start":{"line":14,"column":6},"end":{"line":89,"column":1}},"line":14},"1":{"name":"(anonymous_1)","decl":{"start":{"line":17,"column":42},"end":{"line":17,"column":43}},"loc":{"start":{"line":17,"column":48},"end":{"line":17,"column":64}},"line":17},"2":{"name":"(anonymous_2)","decl":{"start":{"line":56,"column":49},"end":{"line":56,"column":50}},"loc":{"start":{"line":56,"column":55},"end":{"line":56,"column":72}},"line":56},"3":{"name":"(anonymous_3)","decl":{"start":{"line":69,"column":49},"end":{"line":69,"column":50}},"loc":{"start":{"line":69,"column":55},"end":{"line":69,"column":66}},"line":69}},"branchMap":{"0":{"loc":{"start":{"line":46,"column":29},"end":{"line":82,"column":29}},"type":"cond-expr","locations":[{"start":{"line":47,"column":32},"end":{"line":52,"column":34}},{"start":{"line":54,"column":32},"end":{"line":81,"column":35}}],"line":46}},"s":{"0":2,"1":16,"2":1,"3":1,"4":1},"f":{"0":16,"1":1,"2":1,"3":1},"b":{"0":[1,15]},"_coverageSchema":"1a1c01bbd47fc00a2c39e90264f33305004495a9","hash":"635167c5fc5d53a8369d72608992a4aebc59e317"}
,"D:\\Users\\Rafaelnc\\Documents\\pastaComProjetos\\compassflix\\src\\screens\\UserPerfil\\components\\LogoutButton\\style.js": {"path":"D:\\Users\\Rafaelnc\\Documents\\pastaComProjetos\\compassflix\\src\\screens\\UserPerfil\\components\\LogoutButton\\style.js","statementMap":{"0":{"start":{"line":3,"column":28},"end":{"line":14,"column":1}},"1":{"start":{"line":16,"column":26},"end":{"line":22,"column":1}},"2":{"start":{"line":24,"column":25},"end":{"line":29,"column":1}},"3":{"start":{"line":31,"column":30},"end":{"line":38,"column":1}},"4":{"start":{"line":40,"column":25},"end":{"line":48,"column":1}},"5":{"start":{"line":41,"column":28},"end":{"line":41,"column":42}},"6":{"start":{"line":42,"column":26},"end":{"line":42,"column":40}},"7":{"start":{"line":43,"column":22},"end":{"line":43,"column":33}},"8":{"start":{"line":47,"column":28},"end":{"line":47,"column":40}},"9":{"start":{"line":50,"column":31},"end":{"line":56,"column":1}},"10":{"start":{"line":58,"column":22},"end":{"line":66,"column":1}},"11":{"start":{"line":61,"column":33},"end":{"line":61,"column":48}}},"fnMap":{"0":{"name":"(anonymous_0)","decl":{"start":{"line":41,"column":19},"end":{"line":41,"column":20}},"loc":{"start":{"line":41,"column":28},"end":{"line":41,"column":42}},"line":41},"1":{"name":"(anonymous_1)","decl":{"start":{"line":42,"column":17},"end":{"line":42,"column":18}},"loc":{"start":{"line":42,"column":26},"end":{"line":42,"column":40}},"line":42},"2":{"name":"(anonymous_2)","decl":{"start":{"line":43,"column":13},"end":{"line":43,"column":14}},"loc":{"start":{"line":43,"column":22},"end":{"line":43,"column":33}},"line":43},"3":{"name":"(anonymous_3)","decl":{"start":{"line":47,"column":19},"end":{"line":47,"column":20}},"loc":{"start":{"line":47,"column":28},"end":{"line":47,"column":40}},"line":47},"4":{"name":"(anonymous_4)","decl":{"start":{"line":61,"column":24},"end":{"line":61,"column":25}},"loc":{"start":{"line":61,"column":33},"end":{"line":61,"column":48}},"line":61}},"branchMap":{},"s":{"0":2,"1":2,"2":2,"3":2,"4":2,"5":116,"6":116,"7":116,"8":116,"9":2,"10":2,"11":56},"f":{"0":116,"1":116,"2":116,"3":116,"4":56},"b":{},"_coverageSchema":"1a1c01bbd47fc00a2c39e90264f33305004495a9","hash":"1b34e585659fad97d635a4025632c7993a759975"}
,"D:\\Users\\Rafaelnc\\Documents\\pastaComProjetos\\compassflix\\src\\services\\api.js": {"path":"D:\\Users\\Rafaelnc\\Documents\\pastaComProjetos\\compassflix\\src\\services\\api.js","statementMap":{"0":{"start":{"line":3,"column":24},"end":{"line":8,"column":2}}},"fnMap":{},"branchMap":{},"s":{"0":1},"f":{},"b":{},"_coverageSchema":"1a1c01bbd47fc00a2c39e90264f33305004495a9","hash":"ecc952cbfaf2ba58378261a8585725d417ac4d10"}
}
