TN:
SF:src\assets\Images\imagemAnonima.jpg
FNF:0
FNH:0
DA:1,1
LF:1
LH:1
BRF:0
BRH:0
end_of_record
TN:
SF:src\assets\Images\moviesColored.png
FNF:0
FNH:0
DA:1,1
LF:1
LH:1
BRF:0
BRH:0
end_of_record
TN:
SF:src\assets\Images\moviesGray.png
FNF:0
FNH:0
DA:1,1
LF:1
LH:1
BRF:0
BRH:0
end_of_record
TN:
SF:src\assets\Images\seriesColored.png
FNF:0
FNH:0
DA:1,1
LF:1
LH:1
BRF:0
BRH:0
end_of_record
TN:
SF:src\assets\Images\seriesGray.png
FNF:0
FNH:0
DA:1,1
LF:1
LH:1
BRF:0
BRH:0
end_of_record
TN:
SF:src\components\ModalRemoveItem\index.js
FN:5,(anonymous_0)
FN:39,(anonymous_1)
FN:52,(anonymous_2)
FNF:3
FNH:3
FNDA:25,(anonymous_0)
FNDA:1,(anonymous_1)
FNDA:1,(anonymous_2)
DA:5,2
DA:12,25
DA:39,1
DA:52,1
LF:4
LH:4
BRF:0
BRH:0
end_of_record
TN:
SF:src\components\ModalRemoveItem\style.js
FN:20,(anonymous_0)
FN:21,(anonymous_1)
FN:22,(anonymous_2)
FN:26,(anonymous_3)
FN:40,(anonymous_4)
FNF:5
FNH:5
FNDA:192,(anonymous_0)
FNDA:192,(anonymous_1)
FNDA:192,(anonymous_2)
FNDA:192,(anonymous_3)
FNDA:96,(anonymous_4)
DA:3,2
DA:10,2
DA:19,2
DA:20,192
DA:21,192
DA:22,192
DA:26,192
DA:29,2
DA:37,2
DA:40,96
LF:10
LH:10
BRF:0
BRH:0
end_of_record
TN:
SF:src\components\SpinnerMultiColor\index.js
FN:6,(anonymous_0)
FNF:1
FNH:1
FNDA:10,(anonymous_0)
DA:6,3
DA:12,10
DA:14,2
LF:3
LH:3
BRDA:12,0,0,8
BRDA:12,0,1,2
BRF:2
BRH:2
end_of_record
TN:
SF:src\components\SpinnerMultiColor\style.js
FNF:0
FNH:0
DA:3,3
LF:1
LH:1
BRF:0
BRH:0
end_of_record
TN:
SF:src\components\SpinnerStick\index.js
FN:7,(anonymous_0)
FNF:1
FNH:1
FNDA:39,(anonymous_0)
DA:7,2
DA:8,39
LF:2
LH:2
BRF:0
BRH:0
end_of_record
TN:
SF:src\components\SpinnerStick\style.js
FNF:0
FNH:0
DA:3,2
LF:1
LH:1
BRF:0
BRH:0
end_of_record
TN:
SF:src\components\StyledComponents\GlobalStyleds.js
FN:10,(anonymous_0)
FN:11,(anonymous_1)
FN:18,(anonymous_2)
FN:20,(anonymous_3)
FN:25,(anonymous_4)
FN:27,(anonymous_5)
FNF:6
FNH:4
FNDA:342,(anonymous_0)
FNDA:342,(anonymous_1)
FNDA:0,(anonymous_2)
FNDA:0,(anonymous_3)
FNDA:42,(anonymous_4)
FNDA:42,(anonymous_5)
DA:3,3
DA:9,3
DA:10,342
DA:11,342
DA:16,3
DA:18,0
DA:20,0
DA:23,3
DA:25,42
DA:27,42
LF:10
LH:8
BRF:0
BRH:0
end_of_record
TN:
SF:src\components\StyledComponents\BackButton\index.js
FN:8,(anonymous_0)
FN:12,(anonymous_1)
FNF:2
FNH:2
FNDA:4,(anonymous_0)
FNDA:1,(anonymous_1)
DA:8,1
DA:9,4
DA:11,4
DA:12,1
LF:4
LH:4
BRF:0
BRH:0
end_of_record
TN:
SF:src\components\StyledComponents\BackButton\style.js
FNF:0
FNH:0
DA:3,1
LF:1
LH:1
BRF:0
BRH:0
end_of_record
TN:
SF:src\contexts\headerContext.js
FN:6,(anonymous_0)
FN:9,(anonymous_1)
FN:12,(anonymous_2)
FN:15,(anonymous_3)
FNF:4
FNH:0
FNDA:0,(anonymous_0)
FNDA:0,(anonymous_1)
FNDA:0,(anonymous_2)
FNDA:0,(anonymous_3)
DA:4,1
DA:6,1
DA:7,0
DA:9,0
DA:10,0
DA:13,0
DA:16,0
DA:20,0
LF:8
LH:2
BRF:0
BRH:0
end_of_record
TN:
SF:src\screens\ListScreen\components\BlankList\index.js
FN:9,(anonymous_0)
FNF:1
FNH:1
FNDA:2,(anonymous_0)
DA:6,1
DA:7,1
DA:9,1
DA:10,2
LF:4
LH:4
BRF:0
BRH:0
end_of_record
TN:
SF:src\screens\ListScreen\components\BlankList\style.js
FN:4,(anonymous_0)
FN:5,(anonymous_1)
FNF:2
FNH:2
FNDA:4,(anonymous_0)
FNDA:4,(anonymous_1)
DA:3,1
DA:4,4
DA:5,4
LF:3
LH:3
BRF:0
BRH:0
end_of_record
TN:
SF:src\screens\ListScreen\components\CardsList\index.js
FN:9,(anonymous_0)
FN:26,(anonymous_1)
FN:40,(anonymous_2)
FNF:3
FNH:3
FNDA:9,(anonymous_0)
FNDA:21,(anonymous_1)
FNDA:21,(anonymous_2)
DA:9,1
DA:21,9
DA:26,21
DA:41,21
LF:4
LH:4
BRDA:27,0,0,6
BRDA:27,0,1,3
BRF:2
BRH:2
end_of_record
TN:
SF:src\screens\ListScreen\components\CardsList\style.js
FNF:0
FNH:0
DA:3,1
LF:1
LH:1
BRF:0
BRH:0
end_of_record
TN:
SF:src\screens\ListScreen\components\ContainerTop\index.js
FN:7,(anonymous_0)
FNF:1
FNH:1
FNDA:4,(anonymous_0)
DA:7,1
DA:8,4
LF:2
LH:2
BRF:0
BRH:0
end_of_record
TN:
SF:src\screens\ListScreen\components\ContainerTop\style.js
FNF:0
FNH:0
DA:3,1
LF:1
LH:1
BRF:0
BRH:0
end_of_record
TN:
SF:src\screens\ListScreen\components\ItemList\index.js
FN:10,(anonymous_0)
FN:40,(anonymous_1)
FNF:2
FNH:2
FNDA:21,(anonymous_0)
FNDA:3,(anonymous_1)
DA:10,1
DA:18,21
DA:40,3
LF:3
LH:3
BRF:0
BRH:0
end_of_record
TN:
SF:src\screens\ListScreen\components\ItemList\style.js
FNF:0
FNH:0
DA:3,1
DA:11,1
DA:18,1
DA:27,1
LF:4
LH:4
BRF:0
BRH:0
end_of_record
TN:
SF:src\screens\PageSeeMore\style.js
FN:5,(anonymous_0)
FNF:1
FNH:1
FNDA:8,(anonymous_0)
DA:3,1
DA:5,8
LF:2
LH:2
BRF:0
BRH:0
end_of_record
TN:
SF:src\screens\UserPerfil\components\ContainerBottom\index.js
FN:21,(anonymous_0)
FN:53,(anonymous_1)
FN:71,(anonymous_2)
FN:72,(anonymous_3)
FN:99,(anonymous_4)
FN:128,(anonymous_5)
FN:146,(anonymous_6)
FN:147,(anonymous_7)
FN:194,(anonymous_8)
FNF:9
FNH:9
FNDA:29,(anonymous_0)
FNDA:2,(anonymous_1)
FNDA:52,(anonymous_2)
FNDA:52,(anonymous_3)
FNDA:4,(anonymous_4)
FNDA:2,(anonymous_5)
FNDA:65,(anonymous_6)
FNDA:65,(anonymous_7)
FNDA:4,(anonymous_8)
DA:21,1
DA:33,29
DA:35,29
DA:54,2
DA:71,52
DA:73,52
DA:100,4
DA:129,2
DA:146,65
DA:148,65
DA:195,4
LF:11
LH:11
BRDA:43,0,0,11
BRDA:43,0,1,18
BRDA:48,1,0,29
BRDA:48,1,1,29
BRDA:65,2,0,16
BRDA:65,2,1,13
BRDA:75,3,0,26
BRDA:75,3,1,26
BRDA:76,4,0,24
BRDA:76,4,1,28
BRDA:86,5,0,12
BRDA:86,5,1,14
BRDA:123,6,0,11
BRDA:123,6,1,18
BRDA:124,7,0,29
BRDA:124,7,1,29
BRDA:140,8,0,16
BRDA:140,8,1,13
BRDA:150,9,0,39
BRDA:150,9,1,26
BRDA:151,10,0,30
BRDA:151,10,1,35
BRDA:162,11,0,18
BRDA:162,11,1,21
BRDA:180,12,0,18
BRDA:180,12,1,21
BRF:26
BRH:26
end_of_record
TN:
SF:src\screens\UserPerfil\components\ContainerBottom\style.js
FN:17,(anonymous_0)
FNF:1
FNH:1
FNDA:116,(anonymous_0)
DA:3,1
DA:9,1
DA:12,1
DA:16,1
DA:17,116
DA:25,1
DA:33,1
DA:38,1
DA:46,1
DA:54,1
DA:59,1
DA:68,1
DA:74,1
DA:83,1
DA:88,1
DA:96,1
LF:16
LH:16
BRF:0
BRH:0
end_of_record
TN:
SF:src\screens\UserPerfil\components\ContainerBottom\helpers\titles.js
FN:6,(anonymous_0)
FN:17,(anonymous_1)
FNF:2
FNH:2
FNDA:2,(anonymous_0)
FNDA:2,(anonymous_1)
DA:1,2
DA:2,2
DA:3,2
DA:4,2
DA:6,2
DA:7,2
DA:8,2
DA:9,2
DA:14,2
DA:17,2
DA:18,2
DA:19,2
DA:20,2
DA:25,2
LF:14
LH:14
BRDA:7,0,0,1
BRDA:7,0,1,1
BRDA:8,1,0,1
BRDA:8,1,1,1
BRDA:18,2,0,1
BRDA:18,2,1,1
BRDA:19,3,0,1
BRDA:19,3,1,1
BRF:8
BRH:8
end_of_record
TN:
SF:src\screens\UserPerfil\components\ContainerMid\index.js
FN:10,(anonymous_0)
FN:15,(anonymous_1)
FN:26,(anonymous_2)
FNF:3
FNH:3
FNDA:9,(anonymous_0)
FNDA:1,(anonymous_1)
FNDA:1,(anonymous_2)
DA:10,1
DA:11,9
DA:15,1
DA:26,1
LF:4
LH:4
BRDA:16,0,0,4
BRDA:16,0,1,5
BRDA:17,1,0,4
BRDA:17,1,1,5
BRDA:21,2,0,4
BRDA:21,2,1,5
BRDA:27,3,0,4
BRDA:27,3,1,5
BRDA:28,4,0,4
BRDA:28,4,1,5
BRDA:32,5,0,4
BRDA:32,5,1,5
BRF:12
BRH:12
end_of_record
TN:
SF:src\screens\UserPerfil\components\ContainerMid\style.js
FN:23,(anonymous_0)
FN:24,(anonymous_1)
FNF:2
FNH:2
FNDA:36,(anonymous_0)
FNDA:36,(anonymous_1)
DA:3,1
DA:13,1
DA:18,1
DA:23,36
DA:24,36
LF:5
LH:5
BRDA:23,0,0,36
BRDA:23,0,1,28
BRDA:24,1,0,36
BRDA:24,1,1,28
BRF:4
BRH:4
end_of_record
TN:
SF:src\screens\UserPerfil\components\ContainerTop\index.js
FN:16,(anonymous_0)
FN:54,(anonymous_1)
FNF:2
FNH:1
FNDA:10,(anonymous_0)
FNDA:0,(anonymous_1)
DA:16,1
DA:27,10
DA:29,10
DA:54,0
LF:4
LH:3
BRDA:41,0,0,1
BRDA:41,0,1,9
BRDA:49,1,0,10
BRDA:49,1,1,9
BRDA:59,2,0,7
BRDA:59,2,1,3
BRDA:68,3,0,1
BRDA:68,3,1,2
BRF:8
BRH:8
end_of_record
TN:
SF:src\screens\UserPerfil\components\ContainerTop\style.js
FN:11,(anonymous_0)
FN:26,(anonymous_1)
FN:29,(anonymous_2)
FN:31,(anonymous_3)
FNF:4
FNH:4
FNDA:40,(anonymous_0)
FNDA:26,(anonymous_1)
FNDA:26,(anonymous_2)
FNDA:26,(anonymous_3)
DA:3,1
DA:10,1
DA:11,40
DA:18,1
DA:24,1
DA:26,26
DA:29,26
DA:31,26
DA:34,1
LF:9
LH:9
BRF:0
BRH:0
end_of_record
TN:
SF:src\screens\UserPerfil\components\LogoutButton\index.js
FN:9,(anonymous_0)
FN:17,(anonymous_1)
FN:56,(anonymous_2)
FN:69,(anonymous_3)
FNF:4
FNH:4
FNDA:16,(anonymous_0)
FNDA:1,(anonymous_1)
FNDA:1,(anonymous_2)
FNDA:1,(anonymous_3)
DA:9,2
DA:15,16
DA:17,1
DA:56,1
DA:69,1
LF:5
LH:5
BRDA:46,0,0,1
BRDA:46,0,1,15
BRF:2
BRH:2
end_of_record
TN:
SF:src\screens\UserPerfil\components\LogoutButton\style.js
FN:41,(anonymous_0)
FN:42,(anonymous_1)
FN:43,(anonymous_2)
FN:47,(anonymous_3)
FN:61,(anonymous_4)
FNF:5
FNH:5
FNDA:116,(anonymous_0)
FNDA:116,(anonymous_1)
FNDA:116,(anonymous_2)
FNDA:116,(anonymous_3)
FNDA:56,(anonymous_4)
DA:3,2
DA:16,2
DA:24,2
DA:31,2
DA:40,2
DA:41,116
DA:42,116
DA:43,116
DA:47,116
DA:50,2
DA:58,2
DA:61,56
LF:12
LH:12
BRF:0
BRH:0
end_of_record
TN:
SF:src\services\api.js
FNF:0
FNH:0
DA:3,1
LF:1
LH:1
BRF:0
BRH:0
end_of_record
